<?xml version="1.0" encoding="UTF-8"?>
<testng-results ignored="0" total="1" passed="1" failed="0" skipped="0">
  <reporter-output>
  </reporter-output>
  <suite started-at="2022-07-28T19:22:27 IST" name="Default suite" finished-at="2022-07-28T19:22:29 IST" duration-ms="2312">
    <groups>
    </groups>
    <test started-at="2022-07-28T19:22:27 IST" name="Default test" finished-at="2022-07-28T19:22:29 IST" duration-ms="2312">
      <class name="Tests.TC02_POST_request">
        <test-method signature="createProductlist()[pri:0, instance:Tests.TC02_POST_request@17497425]" started-at="2022-07-28T19:22:27 IST" name="createProductlist" finished-at="2022-07-28T19:22:29 IST" duration-ms="2239" status="PASS">
          <reporter-output>
          </reporter-output>
        </test-method> <!-- createProductlist -->
      </class> <!-- Tests.TC02_POST_request -->
    </test> <!-- Default test -->
  </suite> <!-- Default suite -->
</testng-results>
